2023-05-03T12:55:15.130048+00:00 WARNING 'ansible_navigator.image_manager.puller._log_message' Image inspection failed, image assumed to be corrupted or missing
2023-05-03T12:55:15.132365+00:00 WARNING 'ansible_navigator.image_manager.puller._log_message' stdout: []

2023-05-03T12:55:15.132435+00:00 WARNING 'ansible_navigator.image_manager.puller._log_message' stderr: Error: inspecting object: ghcr.io/ansible/creator-ee:v0.17.0: image not known

2023-05-03T12:55:48.000288+00:00 INFO 'ansible_navigator.setup_logger' New ansible-navigator instance, logging initialized
2023-05-03T12:55:48.000641+00:00 INFO 'ansible_navigator.setup_logger' New ansible-runner instance, logging initialized
2023-05-03T12:55:48.000704+00:00 DEBUG 'ansible_navigator.main' Babel==2.9.1 
2023-05-03T12:55:48.000747+00:00 DEBUG 'ansible_navigator.main' Jinja2==2.11.3 
2023-05-03T12:55:48.000784+00:00 DEBUG 'ansible_navigator.main' MarkupSafe==1.1.1 
2023-05-03T12:55:48.000819+00:00 DEBUG 'ansible_navigator.main' Parsley==1.3 
2023-05-03T12:55:48.000853+00:00 DEBUG 'ansible_navigator.main' PySocks==1.7.1 
2023-05-03T12:55:48.000887+00:00 DEBUG 'ansible_navigator.main' PyYAML==5.4.1 
2023-05-03T12:55:48.000920+00:00 DEBUG 'ansible_navigator.main' ansible-builder==3.0.0rc1 
2023-05-03T12:55:48.000952+00:00 DEBUG 'ansible_navigator.main' ansible-core==2.13.3 
2023-05-03T12:55:48.000984+00:00 DEBUG 'ansible_navigator.main' ansible-navigator==3.2.0 
2023-05-03T12:55:48.001016+00:00 DEBUG 'ansible_navigator.main' ansible-runner==2.3.2 
2023-05-03T12:55:48.001048+00:00 DEBUG 'ansible_navigator.main' attrs==23.1.0 /root/.local/lib/python3.9/site-packages/attrs/__init__.py
2023-05-03T12:55:48.001081+00:00 DEBUG 'ansible_navigator.main' bindep==2.11.0 /root/.local/lib/python3.9/site-packages/bindep/__init__.py
2023-05-03T12:55:48.001113+00:00 DEBUG 'ansible_navigator.main' cffi==1.14.5 /usr/lib64/python3.9/site-packages/cffi/__init__.py
2023-05-03T12:55:48.001145+00:00 DEBUG 'ansible_navigator.main' chardet==4.0.0 /usr/lib/python3.9/site-packages/chardet/__init__.py
2023-05-03T12:55:48.001177+00:00 DEBUG 'ansible_navigator.main' cryptography==36.0.1 /usr/lib64/python3.9/site-packages/cryptography/__init__.py
2023-05-03T12:55:48.001209+00:00 DEBUG 'ansible_navigator.main' dasbus==1.4 /usr/lib/python3.9/site-packages/dasbus/__init__.py
2023-05-03T12:55:48.001242+00:00 DEBUG 'ansible_navigator.main' dbus-python==1.2.18 
2023-05-03T12:55:48.001274+00:00 DEBUG 'ansible_navigator.main' decorator==4.4.2 /usr/lib/python3.9/site-packages/decorator.py
2023-05-03T12:55:48.001306+00:00 DEBUG 'ansible_navigator.main' distro==1.8.0 /root/.local/lib/python3.9/site-packages/distro/__init__.py
2023-05-03T12:55:48.001338+00:00 DEBUG 'ansible_navigator.main' docutils==0.19 /root/.local/lib/python3.9/site-packages/docutils/__init__.py
2023-05-03T12:55:48.001370+00:00 DEBUG 'ansible_navigator.main' ethtool==0.15 /usr/lib64/python3.9/site-packages/ethtool.cpython-39-x86_64-linux-gnu.so
2023-05-03T12:55:48.001402+00:00 DEBUG 'ansible_navigator.main' file-magic==0.4.0 
2023-05-03T12:55:48.001434+00:00 DEBUG 'ansible_navigator.main' idna==2.10 /usr/lib/python3.9/site-packages/idna/__init__.py
2023-05-03T12:55:48.001467+00:00 DEBUG 'ansible_navigator.main' importlib-metadata==6.6.0 
2023-05-03T12:55:48.001499+00:00 DEBUG 'ansible_navigator.main' iniparse==0.4 /usr/lib/python3.9/site-packages/iniparse/__init__.py
2023-05-03T12:55:48.001531+00:00 DEBUG 'ansible_navigator.main' jsonschema==4.17.3 /root/.local/lib/python3.9/site-packages/jsonschema/__init__.py
2023-05-03T12:55:48.001575+00:00 DEBUG 'ansible_navigator.main' lockfile==0.12.2 /root/.local/lib/python3.9/site-packages/lockfile/__init__.py
2023-05-03T12:55:48.001619+00:00 DEBUG 'ansible_navigator.main' lxml==4.6.5 /usr/lib64/python3.9/site-packages/lxml/__init__.py
2023-05-03T12:55:48.001654+00:00 DEBUG 'ansible_navigator.main' onigurumacffi==1.2.0 /root/.local/lib/python3.9/site-packages/onigurumacffi.py
2023-05-03T12:55:48.001687+00:00 DEBUG 'ansible_navigator.main' packaging==20.9 /usr/lib/python3.9/site-packages/packaging/__init__.py
2023-05-03T12:55:48.001729+00:00 DEBUG 'ansible_navigator.main' pbr==5.11.1 /root/.local/lib/python3.9/site-packages/pbr/__init__.py
2023-05-03T12:55:48.001764+00:00 DEBUG 'ansible_navigator.main' pip==21.2.3 /usr/lib/python3.9/site-packages/pip/__init__.py
2023-05-03T12:55:48.001797+00:00 DEBUG 'ansible_navigator.main' ply==3.11 /usr/lib/python3.9/site-packages/ply/__init__.py
2023-05-03T12:55:48.001829+00:00 DEBUG 'ansible_navigator.main' psutil==5.8.0 /usr/lib64/python3.9/site-packages/psutil/__init__.py
2023-05-03T12:55:48.001861+00:00 DEBUG 'ansible_navigator.main' pycparser==2.20 /usr/lib/python3.9/site-packages/pycparser/__init__.py
2023-05-03T12:55:48.001893+00:00 DEBUG 'ansible_navigator.main' pyinotify==0.9.6 /usr/lib/python3.9/site-packages/pyinotify.py
2023-05-03T12:55:48.001925+00:00 DEBUG 'ansible_navigator.main' pyparsing==2.4.7 /usr/lib/python3.9/site-packages/pyparsing.py
2023-05-03T12:55:48.001956+00:00 DEBUG 'ansible_navigator.main' pyrsistent==0.19.3 /root/.local/lib/python3.9/site-packages/pyrsistent/__init__.py
2023-05-03T12:55:48.001988+00:00 DEBUG 'ansible_navigator.main' python-daemon==3.0.1 
2023-05-03T12:55:48.002019+00:00 DEBUG 'ansible_navigator.main' python-dateutil==2.8.1 
2023-05-03T12:55:48.002051+00:00 DEBUG 'ansible_navigator.main' python-linux-procfs==0.7.0 
2023-05-03T12:55:48.002083+00:00 DEBUG 'ansible_navigator.main' pytz==2021.1 /usr/lib/python3.9/site-packages/pytz/__init__.py
2023-05-03T12:55:48.002114+00:00 DEBUG 'ansible_navigator.main' pyudev==0.22.0 /usr/lib/python3.9/site-packages/pyudev/__init__.py
2023-05-03T12:55:48.002146+00:00 DEBUG 'ansible_navigator.main' requests==2.25.1 /usr/lib/python3.9/site-packages/requests/__init__.py
2023-05-03T12:55:48.002177+00:00 DEBUG 'ansible_navigator.main' requirements-parser==0.5.0 
2023-05-03T12:55:48.002209+00:00 DEBUG 'ansible_navigator.main' resolvelib==0.5.4 /usr/lib/python3.9/site-packages/resolvelib/__init__.py
2023-05-03T12:55:48.002241+00:00 DEBUG 'ansible_navigator.main' setools==4.4.0 /usr/lib64/python3.9/site-packages/setools/__init__.py
2023-05-03T12:55:48.002273+00:00 DEBUG 'ansible_navigator.main' setuptools==67.7.2 /root/.local/lib/python3.9/site-packages/setuptools/__init__.py
2023-05-03T12:55:48.002304+00:00 DEBUG 'ansible_navigator.main' six==1.15.0 /usr/lib/python3.9/site-packages/six.py
2023-05-03T12:55:48.002336+00:00 DEBUG 'ansible_navigator.main' sos==4.5.1 /usr/lib/python3.9/site-packages/sos/__init__.py
2023-05-03T12:55:48.002367+00:00 DEBUG 'ansible_navigator.main' subscription-manager==1.29.30.1 
2023-05-03T12:55:48.002399+00:00 DEBUG 'ansible_navigator.main' types-setuptools==67.7.0.1 
2023-05-03T12:55:48.002431+00:00 DEBUG 'ansible_navigator.main' tzdata==2023.3 /root/.local/lib/python3.9/site-packages/tzdata/__init__.py
2023-05-03T12:55:48.002463+00:00 DEBUG 'ansible_navigator.main' urllib3==1.26.5 /usr/lib/python3.9/site-packages/urllib3/__init__.py
2023-05-03T12:55:48.002494+00:00 DEBUG 'ansible_navigator.main' zipp==3.15.0 /root/.local/lib/python3.9/site-packages/zipp/__init__.py
2023-05-03T12:55:48.002525+00:00 DEBUG 'ansible_navigator.main' Default collection_doc_cache_path set to: /root/.cache/ansible-navigator/collection_doc_cache.db
2023-05-03T12:55:48.002557+00:00 DEBUG 'ansible_navigator.main' EDITOR environment variable not set
2023-05-03T12:55:48.002610+00:00 DEBUG 'ansible_navigator.main' Default editor_command set to: vi +{line_number} {filename}
2023-05-03T12:55:48.002645+00:00 DEBUG 'ansible_navigator.main' No config file set by ANSIBLE_NAVIGATOR_CONFIG
2023-05-03T12:55:48.002677+00:00 DEBUG 'ansible_navigator.main' Looking in /root
2023-05-03T12:55:48.002709+00:00 DEBUG 'ansible_navigator.main' Looking for '/root/.ansible-navigator.yml', '/root/.ansible-navigator.yaml' and '/root/.ansible-navigator.json'
2023-05-03T12:55:48.002741+00:00 DEBUG 'ansible_navigator.main' Found 0: 
2023-05-03T12:55:48.002773+00:00 DEBUG 'ansible_navigator.main' Looking in /root/AAP_EE_Creation
2023-05-03T12:55:48.002805+00:00 DEBUG 'ansible_navigator.main' Looking for '/root/AAP_EE_Creation/ansible-navigator.yml', '/root/AAP_EE_Creation/ansible-navigator.yaml' and '/root/AAP_EE_Creation/ansible-navigator.json'
2023-05-03T12:55:48.002842+00:00 DEBUG 'ansible_navigator.main' Found 0: 
2023-05-03T12:55:48.002876+00:00 DEBUG 'ansible_navigator.main' All found 0: 
2023-05-03T12:55:48.002908+00:00 DEBUG 'ansible_navigator.main' Using: None
2023-05-03T12:55:48.002939+00:00 DEBUG 'ansible_navigator.main' No valid settings file found, using all default values for settings.
2023-05-03T12:55:48.002971+00:00 DEBUG 'ansible_navigator.main' Command provided: 'image'
2023-05-03T12:55:48.003006+00:00 WARNING 'ansible_navigator.main' Configuration errors encountered, rolling back to previous configuration.
2023-05-03T12:55:48.003039+00:00 DEBUG 'ansible_navigator.main' Prior to rollback: ansible_runner_artifact_dir = 'Not set' (Constants/Not set)
2023-05-03T12:55:48.003071+00:00 DEBUG 'ansible_navigator.main' Prior to rollback: ansible_runner_rotate_artifacts_count = 'Not set' (Constants/Not set)
2023-05-03T12:55:48.003103+00:00 DEBUG 'ansible_navigator.main' Prior to rollback: ansible_runner_timeout = 'Not set' (Constants/Not set)
2023-05-03T12:55:48.003135+00:00 DEBUG 'ansible_navigator.main' Prior to rollback: ansible_runner_write_job_events = 'False' (bool/Defaults)
2023-05-03T12:55:48.003166+00:00 DEBUG 'ansible_navigator.main' Prior to rollback: app = 'welcome' (str/Defaults)
2023-05-03T12:55:48.003198+00:00 DEBUG 'ansible_navigator.main' Prior to rollback: cmdline = '['image']' (list/Command line)
2023-05-03T12:55:48.003230+00:00 DEBUG 'ansible_navigator.main' Prior to rollback: collection_doc_cache_path = '/root/.cache/ansible-navigator/collection_doc_cache.db' (str/Defaults)
2023-05-03T12:55:48.003261+00:00 DEBUG 'ansible_navigator.main' Prior to rollback: config = 'Not set' (Constants/Not set)
2023-05-03T12:55:48.003293+00:00 DEBUG 'ansible_navigator.main' Prior to rollback: container_engine = 'auto' (str/Defaults)
2023-05-03T12:55:48.003325+00:00 DEBUG 'ansible_navigator.main' Prior to rollback: container_options = 'Not set' (Constants/Not set)
2023-05-03T12:55:48.003357+00:00 DEBUG 'ansible_navigator.main' Prior to rollback: display_color = 'True' (bool/Defaults)
2023-05-03T12:55:48.003389+00:00 DEBUG 'ansible_navigator.main' Prior to rollback: editor_command = 'vi +{line_number} {filename}' (str/Defaults)
2023-05-03T12:55:48.003421+00:00 DEBUG 'ansible_navigator.main' Prior to rollback: editor_console = 'True' (bool/Defaults)
2023-05-03T12:55:48.003453+00:00 DEBUG 'ansible_navigator.main' Prior to rollback: enable_prompts = 'False' (bool/Defaults)
2023-05-03T12:55:48.003485+00:00 DEBUG 'ansible_navigator.main' Prior to rollback: exec_command = '/bin/bash' (str/Defaults)
2023-05-03T12:55:48.003531+00:00 DEBUG 'ansible_navigator.main' Prior to rollback: exec_shell = 'True' (bool/Defaults)
2023-05-03T12:55:48.003584+00:00 DEBUG 'ansible_navigator.main' Prior to rollback: execution_environment = 'True' (bool/Defaults)
2023-05-03T12:55:48.003630+00:00 DEBUG 'ansible_navigator.main' Prior to rollback: execution_environment_image = 'ghcr.io/ansible/creator-ee:v0.17.0' (str/Defaults)
2023-05-03T12:55:48.003666+00:00 DEBUG 'ansible_navigator.main' Prior to rollback: execution_environment_volume_mounts = 'Not set' (Constants/Not set)
2023-05-03T12:55:48.003698+00:00 DEBUG 'ansible_navigator.main' Prior to rollback: format = 'yaml' (str/Defaults)
2023-05-03T12:55:48.003731+00:00 DEBUG 'ansible_navigator.main' Prior to rollback: help_builder = 'False' (bool/Defaults)
2023-05-03T12:55:48.003763+00:00 DEBUG 'ansible_navigator.main' Prior to rollback: help_config = 'False' (bool/Defaults)
2023-05-03T12:55:48.003795+00:00 DEBUG 'ansible_navigator.main' Prior to rollback: help_doc = 'False' (bool/Defaults)
2023-05-03T12:55:48.003828+00:00 DEBUG 'ansible_navigator.main' Prior to rollback: help_inventory = 'False' (bool/Defaults)
2023-05-03T12:55:48.003860+00:00 DEBUG 'ansible_navigator.main' Prior to rollback: help_playbook = 'False' (bool/Defaults)
2023-05-03T12:55:48.003892+00:00 DEBUG 'ansible_navigator.main' Prior to rollback: images_details = '['everything']' (list/Defaults)
2023-05-03T12:55:48.003929+00:00 DEBUG 'ansible_navigator.main' Prior to rollback: inventory = 'Not set' (Constants/Not set)
2023-05-03T12:55:48.003964+00:00 DEBUG 'ansible_navigator.main' Prior to rollback: inventory_column = 'Not set' (Constants/Not set)
2023-05-03T12:55:48.003996+00:00 DEBUG 'ansible_navigator.main' Prior to rollback: lint_config = 'Not set' (Constants/Not set)
2023-05-03T12:55:48.004028+00:00 DEBUG 'ansible_navigator.main' Prior to rollback: lintables = 'Not set' (Constants/Not set)
2023-05-03T12:55:48.004060+00:00 DEBUG 'ansible_navigator.main' Prior to rollback: log_append = 'True' (bool/Defaults)
2023-05-03T12:55:48.004092+00:00 DEBUG 'ansible_navigator.main' Prior to rollback: log_file = '/root/AAP_EE_Creation/ansible-navigator.log' (str/Defaults)
2023-05-03T12:55:48.004124+00:00 DEBUG 'ansible_navigator.main' Prior to rollback: log_level = 'warning' (str/Defaults)
2023-05-03T12:55:48.004156+00:00 DEBUG 'ansible_navigator.main' Prior to rollback: mode = 'interactive' (str/Defaults)
2023-05-03T12:55:48.004187+00:00 DEBUG 'ansible_navigator.main' Prior to rollback: osc4 = 'True' (bool/Defaults)
2023-05-03T12:55:48.004219+00:00 DEBUG 'ansible_navigator.main' Prior to rollback: pass_environment_variable = 'Not set' (Constants/Not set)
2023-05-03T12:55:48.004251+00:00 DEBUG 'ansible_navigator.main' Prior to rollback: playbook = 'Not set' (Constants/Not set)
2023-05-03T12:55:48.004283+00:00 DEBUG 'ansible_navigator.main' Prior to rollback: playbook_artifact_enable = 'True' (bool/Defaults)
2023-05-03T12:55:48.004314+00:00 DEBUG 'ansible_navigator.main' Prior to rollback: playbook_artifact_replay = 'Not set' (Constants/Not set)
2023-05-03T12:55:48.004345+00:00 DEBUG 'ansible_navigator.main' Prior to rollback: playbook_artifact_save_as = '{playbook_dir}/{playbook_name}-artifact-{time_stamp}.json' (str/Defaults)
2023-05-03T12:55:48.004377+00:00 DEBUG 'ansible_navigator.main' Prior to rollback: plugin_name = 'Not set' (Constants/Not set)
2023-05-03T12:55:48.004409+00:00 DEBUG 'ansible_navigator.main' Prior to rollback: plugin_type = 'module' (str/Defaults)
2023-05-03T12:55:48.004441+00:00 DEBUG 'ansible_navigator.main' Prior to rollback: pull_arguments = 'Not set' (Constants/Not set)
2023-05-03T12:55:48.004472+00:00 DEBUG 'ansible_navigator.main' Prior to rollback: pull_policy = 'tag' (str/Defaults)
2023-05-03T12:55:48.004504+00:00 DEBUG 'ansible_navigator.main' Prior to rollback: set_environment_variable = 'Not set' (Constants/Not set)
2023-05-03T12:55:48.004536+00:00 DEBUG 'ansible_navigator.main' Prior to rollback: settings_effective = 'False' (bool/Defaults)
2023-05-03T12:55:48.004579+00:00 DEBUG 'ansible_navigator.main' Prior to rollback: settings_sample = 'False' (bool/Defaults)
2023-05-03T12:55:48.004620+00:00 DEBUG 'ansible_navigator.main' Prior to rollback: settings_schema = 'json' (str/Defaults)
2023-05-03T12:55:48.004653+00:00 DEBUG 'ansible_navigator.main' Prior to rollback: settings_sources = 'False' (bool/Defaults)
2023-05-03T12:55:48.004685+00:00 DEBUG 'ansible_navigator.main' Prior to rollback: time_zone = 'UTC' (str/Defaults)
2023-05-03T12:55:48.004717+00:00 DEBUG 'ansible_navigator.main' Prior to rollback: workdir = '/root/AAP_EE_Creation' (str/Defaults)
2023-05-03T12:55:48.004749+00:00 DEBUG 'ansible_navigator.main' After rollback: ansible_runner_artifact_dir = 'Not set' (Constants/Not set)
2023-05-03T12:55:48.004780+00:00 DEBUG 'ansible_navigator.main' After rollback: ansible_runner_rotate_artifacts_count = 'Not set' (Constants/Not set)
2023-05-03T12:55:48.004812+00:00 DEBUG 'ansible_navigator.main' After rollback: ansible_runner_timeout = 'Not set' (Constants/Not set)
2023-05-03T12:55:48.004843+00:00 DEBUG 'ansible_navigator.main' After rollback: ansible_runner_write_job_events = 'Not set' (Constants/Not set)
2023-05-03T12:55:48.004874+00:00 DEBUG 'ansible_navigator.main' After rollback: app = 'Not set' (Constants/Not set)
2023-05-03T12:55:48.004906+00:00 DEBUG 'ansible_navigator.main' After rollback: cmdline = 'Not set' (Constants/Not set)
2023-05-03T12:55:48.004937+00:00 DEBUG 'ansible_navigator.main' After rollback: collection_doc_cache_path = 'Not set' (Constants/Not set)
2023-05-03T12:55:48.004973+00:00 DEBUG 'ansible_navigator.main' After rollback: config = 'Not set' (Constants/Not set)
2023-05-03T12:55:48.005007+00:00 DEBUG 'ansible_navigator.main' After rollback: container_engine = 'Not set' (Constants/Not set)
2023-05-03T12:55:48.005039+00:00 DEBUG 'ansible_navigator.main' After rollback: container_options = 'Not set' (Constants/Not set)
2023-05-03T12:55:48.005070+00:00 DEBUG 'ansible_navigator.main' After rollback: display_color = 'Not set' (Constants/Not set)
2023-05-03T12:55:48.005102+00:00 DEBUG 'ansible_navigator.main' After rollback: editor_command = 'Not set' (Constants/Not set)
2023-05-03T12:55:48.005133+00:00 DEBUG 'ansible_navigator.main' After rollback: editor_console = 'Not set' (Constants/Not set)
2023-05-03T12:55:48.005165+00:00 DEBUG 'ansible_navigator.main' After rollback: enable_prompts = 'Not set' (Constants/Not set)
2023-05-03T12:55:48.005196+00:00 DEBUG 'ansible_navigator.main' After rollback: exec_command = 'Not set' (Constants/Not set)
2023-05-03T12:55:48.005227+00:00 DEBUG 'ansible_navigator.main' After rollback: exec_shell = 'Not set' (Constants/Not set)
2023-05-03T12:55:48.005259+00:00 DEBUG 'ansible_navigator.main' After rollback: execution_environment = 'Not set' (Constants/Not set)
2023-05-03T12:55:48.005290+00:00 DEBUG 'ansible_navigator.main' After rollback: execution_environment_image = 'Not set' (Constants/Not set)
2023-05-03T12:55:48.005322+00:00 DEBUG 'ansible_navigator.main' After rollback: execution_environment_volume_mounts = 'Not set' (Constants/Not set)
2023-05-03T12:55:48.005353+00:00 DEBUG 'ansible_navigator.main' After rollback: format = 'Not set' (Constants/Not set)
2023-05-03T12:55:48.005384+00:00 DEBUG 'ansible_navigator.main' After rollback: help_builder = 'Not set' (Constants/Not set)
2023-05-03T12:55:48.005416+00:00 DEBUG 'ansible_navigator.main' After rollback: help_config = 'Not set' (Constants/Not set)
2023-05-03T12:55:48.005448+00:00 DEBUG 'ansible_navigator.main' After rollback: help_doc = 'Not set' (Constants/Not set)
2023-05-03T12:55:48.005479+00:00 DEBUG 'ansible_navigator.main' After rollback: help_inventory = 'Not set' (Constants/Not set)
2023-05-03T12:55:48.005511+00:00 DEBUG 'ansible_navigator.main' After rollback: help_playbook = 'Not set' (Constants/Not set)
2023-05-03T12:55:48.005543+00:00 DEBUG 'ansible_navigator.main' After rollback: images_details = 'Not set' (Constants/Not set)
2023-05-03T12:55:48.005605+00:00 DEBUG 'ansible_navigator.main' After rollback: inventory = 'Not set' (Constants/Not set)
2023-05-03T12:55:48.005645+00:00 DEBUG 'ansible_navigator.main' After rollback: inventory_column = 'Not set' (Constants/Not set)
2023-05-03T12:55:48.005677+00:00 DEBUG 'ansible_navigator.main' After rollback: lint_config = 'Not set' (Constants/Not set)
2023-05-03T12:55:48.005709+00:00 DEBUG 'ansible_navigator.main' After rollback: lintables = 'Not set' (Constants/Not set)
2023-05-03T12:55:48.005741+00:00 DEBUG 'ansible_navigator.main' After rollback: log_append = 'Not set' (Constants/Not set)
2023-05-03T12:55:48.005773+00:00 DEBUG 'ansible_navigator.main' After rollback: log_file = 'Not set' (Constants/Not set)
2023-05-03T12:55:48.005804+00:00 DEBUG 'ansible_navigator.main' After rollback: log_level = 'Not set' (Constants/Not set)
2023-05-03T12:55:48.005836+00:00 DEBUG 'ansible_navigator.main' After rollback: mode = 'Not set' (Constants/Not set)
2023-05-03T12:55:48.005867+00:00 DEBUG 'ansible_navigator.main' After rollback: osc4 = 'Not set' (Constants/Not set)
2023-05-03T12:55:48.005899+00:00 DEBUG 'ansible_navigator.main' After rollback: pass_environment_variable = 'Not set' (Constants/Not set)
2023-05-03T12:55:48.005931+00:00 DEBUG 'ansible_navigator.main' After rollback: playbook = 'Not set' (Constants/Not set)
2023-05-03T12:55:48.005963+00:00 DEBUG 'ansible_navigator.main' After rollback: playbook_artifact_enable = 'Not set' (Constants/Not set)
2023-05-03T12:55:48.005995+00:00 DEBUG 'ansible_navigator.main' After rollback: playbook_artifact_replay = 'Not set' (Constants/Not set)
2023-05-03T12:55:48.006032+00:00 DEBUG 'ansible_navigator.main' After rollback: playbook_artifact_save_as = 'Not set' (Constants/Not set)
2023-05-03T12:55:48.006065+00:00 DEBUG 'ansible_navigator.main' After rollback: plugin_name = 'Not set' (Constants/Not set)
2023-05-03T12:55:48.006097+00:00 DEBUG 'ansible_navigator.main' After rollback: plugin_type = 'Not set' (Constants/Not set)
2023-05-03T12:55:48.006129+00:00 DEBUG 'ansible_navigator.main' After rollback: pull_arguments = 'Not set' (Constants/Not set)
2023-05-03T12:55:48.006160+00:00 DEBUG 'ansible_navigator.main' After rollback: pull_policy = 'Not set' (Constants/Not set)
2023-05-03T12:55:48.006192+00:00 DEBUG 'ansible_navigator.main' After rollback: set_environment_variable = 'Not set' (Constants/Not set)
2023-05-03T12:55:48.006224+00:00 DEBUG 'ansible_navigator.main' After rollback: settings_effective = 'Not set' (Constants/Not set)
2023-05-03T12:55:48.006256+00:00 DEBUG 'ansible_navigator.main' After rollback: settings_sample = 'Not set' (Constants/Not set)
2023-05-03T12:55:48.006287+00:00 DEBUG 'ansible_navigator.main' After rollback: settings_schema = 'Not set' (Constants/Not set)
2023-05-03T12:55:48.006319+00:00 DEBUG 'ansible_navigator.main' After rollback: settings_sources = 'Not set' (Constants/Not set)
2023-05-03T12:55:48.006350+00:00 DEBUG 'ansible_navigator.main' After rollback: time_zone = 'Not set' (Constants/Not set)
2023-05-03T12:55:48.006381+00:00 DEBUG 'ansible_navigator.main' After rollback: workdir = 'Not set' (Constants/Not set)
2023-05-03T12:55:48.006413+00:00 DEBUG 'ansible_navigator.main' Configuration rollback complete.
2023-05-03T12:55:48.006448+00:00 DEBUG 'ansible_navigator.main' Collection doc cache not mounted
2023-05-03T12:55:48.006491+00:00 WARNING 'ansible_navigator.main' Issues were found while applying the settings.
2023-05-03T12:55:48.006529+00:00 INFO 'ansible_navigator.main' Command provided: 'image'
2023-05-03T12:55:48.006582+00:00 ERROR 'ansible_navigator.main' argument {subcommand} --help: invalid choice: 'image' (choose from 'builder', 'collections', 'config', 'doc', 'exec', 'images', 'inventory', 'lint', 'replay', 'run', 'settings', 'welcome')
2023-05-03T12:55:48.006628+00:00 INFO 'ansible_navigator.main' Configuration failed, using default log file location. (/root/AAP_EE_Creation/ansible-navigator.log) Log level set to debug
2023-05-03T12:55:48.006666+00:00 INFO 'ansible_navigator.main' Review the hints and log file to see what went wrong.
2023-05-03T13:01:43.921397+00:00 CRITICAL 'ansible_navigator.actions.run_playbook._handle_message' Unhandled message from runner queue, discarded: {'event': 'verbose', 'uuid': '9329ac26-19c4-4a0d-8bd2-29f50b2e078f', 'counter': 1, 'stdout': '\x1b[0;31mERROR! the playbook: test_playbook.yml could not be found\x1b[0m', 'start_line': 0, 'end_line': 1, 'runner_ident': '0bb27a00-2f7d-404b-9e7e-6cdb0e8e9cde', 'created': '2023-05-03T13:01:43.914263'}
2023-05-03T13:02:00.191279+00:00 CRITICAL 'ansible_navigator.actions.run_playbook._handle_message' Unhandled message from runner queue, discarded: {'event': 'verbose', 'uuid': 'c367e7c9-3521-4685-83fb-08216ae9f4d6', 'counter': 1, 'stdout': '\x1b[1;35m[WARNING]: provided hosts list is empty, only localhost is available. Note that\x1b[0m', 'start_line': 0, 'end_line': 1, 'runner_ident': '5e61d7c2-96dc-489e-a1ae-c07e630bd036', 'created': '2023-05-03T13:02:00.184973'}
2023-05-03T13:02:00.191871+00:00 CRITICAL 'ansible_navigator.actions.run_playbook._handle_message' Unhandled message from runner queue, discarded: {'event': 'verbose', 'uuid': '8d539def-941f-4f4c-b2d7-bad3f50ed384', 'counter': 2, 'stdout': "\x1b[1;35mthe implicit localhost does not match 'all'\x1b[0m", 'start_line': 1, 'end_line': 2, 'runner_ident': '5e61d7c2-96dc-489e-a1ae-c07e630bd036', 'created': '2023-05-03T13:02:00.185312'}
2023-05-03T13:04:50.169688+00:00 CRITICAL 'ansible_navigator.actions.run_playbook._handle_message' Unhandled message from runner queue, discarded: {'event': 'verbose', 'uuid': 'fe22cdaf-25b9-4535-b1eb-00aeb721f5cb', 'counter': 1, 'stdout': '\x1b[1;35m[WARNING]: provided hosts list is empty, only localhost is available. Note that\x1b[0m', 'start_line': 0, 'end_line': 1, 'runner_ident': 'b43dfba6-49cf-4c07-8c72-dc44215eb490', 'created': '2023-05-03T13:04:50.160474'}
2023-05-03T13:04:50.170335+00:00 CRITICAL 'ansible_navigator.actions.run_playbook._handle_message' Unhandled message from runner queue, discarded: {'event': 'verbose', 'uuid': 'e69b3f2d-a279-419f-8985-a9538efbe711', 'counter': 2, 'stdout': "\x1b[1;35mthe implicit localhost does not match 'all'\x1b[0m", 'start_line': 1, 'end_line': 2, 'runner_ident': 'b43dfba6-49cf-4c07-8c72-dc44215eb490', 'created': '2023-05-03T13:04:50.160820'}
2023-05-03T13:06:38.274738+00:00 CRITICAL 'ansible_navigator.actions.run_playbook._handle_message' Unhandled message from runner queue, discarded: {'event': 'verbose', 'uuid': '39e939a3-b547-433a-887f-7b11483f6812', 'counter': 1, 'stdout': '\x1b[1;35m[WARNING]: provided hosts list is empty, only localhost is available. Note that\x1b[0m', 'start_line': 0, 'end_line': 1, 'runner_ident': 'efbeff5d-6f2b-4763-88d5-682b43014de3', 'created': '2023-05-03T13:06:38.268727'}
2023-05-03T13:06:38.275454+00:00 CRITICAL 'ansible_navigator.actions.run_playbook._handle_message' Unhandled message from runner queue, discarded: {'event': 'verbose', 'uuid': 'a45ff7bc-3b2b-4ba7-94d2-bc9e3d1102b8', 'counter': 2, 'stdout': "\x1b[1;35mthe implicit localhost does not match 'all'\x1b[0m", 'start_line': 1, 'end_line': 2, 'runner_ident': 'efbeff5d-6f2b-4763-88d5-682b43014de3', 'created': '2023-05-03T13:06:38.268960'}
2023-05-03T13:06:38.569093+00:00 CRITICAL 'ansible_navigator.actions.run_playbook._handle_message' Unhandled message from runner queue, discarded: {'event': 'verbose', 'uuid': '69f30eeb-f269-4291-a059-dd116615f371', 'counter': 3, 'stdout': '\x1b[0;31mERROR! conflicting action statements: ntnx_clusters_info, nutanix_host\x1b[0m', 'start_line': 2, 'end_line': 3, 'runner_ident': 'efbeff5d-6f2b-4763-88d5-682b43014de3', 'created': '2023-05-03T13:06:38.567921'}
2023-05-03T13:06:38.569419+00:00 CRITICAL 'ansible_navigator.actions.run_playbook._handle_message' Unhandled message from runner queue, discarded: {'event': 'verbose', 'uuid': '2975ed55-dac8-49c5-a025-166a613ab43c', 'counter': 4, 'stdout': '\x1b[0;31m\x1b[0m', 'start_line': 3, 'end_line': 4, 'runner_ident': 'efbeff5d-6f2b-4763-88d5-682b43014de3', 'created': '2023-05-03T13:06:38.568157'}
2023-05-03T13:06:38.569560+00:00 CRITICAL 'ansible_navigator.actions.run_playbook._handle_message' Unhandled message from runner queue, discarded: {'event': 'verbose', 'uuid': 'cfe01f24-02d2-401d-8832-04338eba21ab', 'counter': 5, 'stdout': "\x1b[0;31mThe error appears to be in '/root/AAP_EE_Creation/playbook-Test_EE_image.yml': line 22, column 7, but may\x1b[0m", 'start_line': 4, 'end_line': 5, 'runner_ident': 'efbeff5d-6f2b-4763-88d5-682b43014de3', 'created': '2023-05-03T13:06:38.568333'}
2023-05-03T13:06:38.569730+00:00 CRITICAL 'ansible_navigator.actions.run_playbook._handle_message' Unhandled message from runner queue, discarded: {'event': 'verbose', 'uuid': '010d687f-7648-4d29-aac9-3fea3352388e', 'counter': 6, 'stdout': '\x1b[0;31mbe elsewhere in the file depending on the exact syntax problem.\x1b[0m', 'start_line': 5, 'end_line': 6, 'runner_ident': 'efbeff5d-6f2b-4763-88d5-682b43014de3', 'created': '2023-05-03T13:06:38.568483'}
2023-05-03T13:06:38.569889+00:00 CRITICAL 'ansible_navigator.actions.run_playbook._handle_message' Unhandled message from runner queue, discarded: {'event': 'verbose', 'uuid': '0cb63d13-78a4-4277-9bbd-9f28d28e91d2', 'counter': 7, 'stdout': '\x1b[0;31m\x1b[0m', 'start_line': 6, 'end_line': 7, 'runner_ident': 'efbeff5d-6f2b-4763-88d5-682b43014de3', 'created': '2023-05-03T13:06:38.568662'}
2023-05-03T13:06:38.570106+00:00 CRITICAL 'ansible_navigator.actions.run_playbook._handle_message' Unhandled message from runner queue, discarded: {'event': 'verbose', 'uuid': 'f1793922-6007-4dc6-9992-381188989d6e', 'counter': 8, 'stdout': '\x1b[0;31mThe offending line appears to be:\x1b[0m', 'start_line': 7, 'end_line': 8, 'runner_ident': 'efbeff5d-6f2b-4763-88d5-682b43014de3', 'created': '2023-05-03T13:06:38.568826'}
2023-05-03T13:06:38.570474+00:00 CRITICAL 'ansible_navigator.actions.run_playbook._handle_message' Unhandled message from runner queue, discarded: {'event': 'verbose', 'uuid': 'a0d295df-56e1-43d7-896d-3033379b63c2', 'counter': 9, 'stdout': '\x1b[0;31m\x1b[0m', 'start_line': 8, 'end_line': 9, 'runner_ident': 'efbeff5d-6f2b-4763-88d5-682b43014de3', 'created': '2023-05-03T13:06:38.569247'}
2023-05-03T13:06:38.570725+00:00 CRITICAL 'ansible_navigator.actions.run_playbook._handle_message' Unhandled message from runner queue, discarded: {'event': 'verbose', 'uuid': '8992d844-5fdb-4e4d-9128-40752a279f6f', 'counter': 10, 'stdout': '\x1b[0;31m\x1b[0m', 'start_line': 9, 'end_line': 10, 'runner_ident': 'efbeff5d-6f2b-4763-88d5-682b43014de3', 'created': '2023-05-03T13:06:38.570196'}
2023-05-03T13:06:38.570948+00:00 CRITICAL 'ansible_navigator.actions.run_playbook._handle_message' Unhandled message from runner queue, discarded: {'event': 'verbose', 'uuid': 'd9aea377-00cd-4ca5-9214-ffa3ef87968d', 'counter': 11, 'stdout': '\x1b[0;31m    - name: test getting all clusters\x1b[0m', 'start_line': 10, 'end_line': 11, 'runner_ident': 'efbeff5d-6f2b-4763-88d5-682b43014de3', 'created': '2023-05-03T13:06:38.570619'}
2023-05-03T13:06:38.581298+00:00 CRITICAL 'ansible_navigator.actions.run_playbook._handle_message' Unhandled message from runner queue, discarded: {'event': 'verbose', 'uuid': 'c0e299f8-7120-4164-911c-e76c84f1ea1a', 'counter': 12, 'stdout': '\x1b[0;31m      ^ here\x1b[0m', 'start_line': 11, 'end_line': 12, 'runner_ident': 'efbeff5d-6f2b-4763-88d5-682b43014de3', 'created': '2023-05-03T13:06:38.571055'}
2023-05-03T13:09:21.711785+00:00 CRITICAL 'ansible_navigator.actions.run_playbook._handle_message' Unhandled message from runner queue, discarded: {'event': 'verbose', 'uuid': '44dc26d7-41d3-4bdd-92d2-6761ae2dcbaa', 'counter': 1, 'stdout': '\x1b[1;35m[WARNING]: provided hosts list is empty, only localhost is available. Note that\x1b[0m', 'start_line': 0, 'end_line': 1, 'runner_ident': '21bd00fe-a88d-4cef-8df0-e045220e065b', 'created': '2023-05-03T13:09:21.709982'}
2023-05-03T13:09:21.712385+00:00 CRITICAL 'ansible_navigator.actions.run_playbook._handle_message' Unhandled message from runner queue, discarded: {'event': 'verbose', 'uuid': '32bb0db2-bdf7-44d6-b625-eee9a24e97f8', 'counter': 2, 'stdout': "\x1b[1;35mthe implicit localhost does not match 'all'\x1b[0m", 'start_line': 1, 'end_line': 2, 'runner_ident': '21bd00fe-a88d-4cef-8df0-e045220e065b', 'created': '2023-05-03T13:09:21.710209'}
2023-05-03T13:09:22.025648+00:00 CRITICAL 'ansible_navigator.actions.run_playbook._handle_message' Unhandled message from runner queue, discarded: {'event': 'verbose', 'uuid': 'bd6b8a46-d724-48eb-89d9-294d9dcf1e2b', 'counter': 3, 'stdout': '\x1b[0;31mERROR! conflicting action statements: ntnx_clusters_info, nutanix_host\x1b[0m', 'start_line': 2, 'end_line': 3, 'runner_ident': '21bd00fe-a88d-4cef-8df0-e045220e065b', 'created': '2023-05-03T13:09:22.018533'}
2023-05-03T13:09:22.025832+00:00 CRITICAL 'ansible_navigator.actions.run_playbook._handle_message' Unhandled message from runner queue, discarded: {'event': 'verbose', 'uuid': '70ca2525-a4e1-4126-a55d-cd4264791106', 'counter': 4, 'stdout': '\x1b[0;31m\x1b[0m', 'start_line': 3, 'end_line': 4, 'runner_ident': '21bd00fe-a88d-4cef-8df0-e045220e065b', 'created': '2023-05-03T13:09:22.018708'}
2023-05-03T13:09:22.025942+00:00 CRITICAL 'ansible_navigator.actions.run_playbook._handle_message' Unhandled message from runner queue, discarded: {'event': 'verbose', 'uuid': 'e91fe19a-2ac5-4a46-a581-1d72659028c3', 'counter': 5, 'stdout': "\x1b[0;31mThe error appears to be in '/root/AAP_EE_Creation/playbook-Test_EE_image.yml': line 22, column 7, but may\x1b[0m", 'start_line': 4, 'end_line': 5, 'runner_ident': '21bd00fe-a88d-4cef-8df0-e045220e065b', 'created': '2023-05-03T13:09:22.018799'}
2023-05-03T13:09:22.026044+00:00 CRITICAL 'ansible_navigator.actions.run_playbook._handle_message' Unhandled message from runner queue, discarded: {'event': 'verbose', 'uuid': '5e90428f-c2bc-4c73-b64e-eefda1494ed3', 'counter': 6, 'stdout': '\x1b[0;31mbe elsewhere in the file depending on the exact syntax problem.\x1b[0m', 'start_line': 5, 'end_line': 6, 'runner_ident': '21bd00fe-a88d-4cef-8df0-e045220e065b', 'created': '2023-05-03T13:09:22.018879'}
2023-05-03T13:09:22.026150+00:00 CRITICAL 'ansible_navigator.actions.run_playbook._handle_message' Unhandled message from runner queue, discarded: {'event': 'verbose', 'uuid': '24862157-1ba9-45ca-94ff-cbded0b1ab4f', 'counter': 7, 'stdout': '\x1b[0;31m\x1b[0m', 'start_line': 6, 'end_line': 7, 'runner_ident': '21bd00fe-a88d-4cef-8df0-e045220e065b', 'created': '2023-05-03T13:09:22.018954'}
2023-05-03T13:09:22.026241+00:00 CRITICAL 'ansible_navigator.actions.run_playbook._handle_message' Unhandled message from runner queue, discarded: {'event': 'verbose', 'uuid': '7cef5649-4c73-400b-9ca9-542ec1d583d5', 'counter': 8, 'stdout': '\x1b[0;31mThe offending line appears to be:\x1b[0m', 'start_line': 7, 'end_line': 8, 'runner_ident': '21bd00fe-a88d-4cef-8df0-e045220e065b', 'created': '2023-05-03T13:09:22.019026'}
2023-05-03T13:09:22.026327+00:00 CRITICAL 'ansible_navigator.actions.run_playbook._handle_message' Unhandled message from runner queue, discarded: {'event': 'verbose', 'uuid': '71f52a2f-5634-4db9-8726-d017ff6f080b', 'counter': 9, 'stdout': '\x1b[0;31m\x1b[0m', 'start_line': 8, 'end_line': 9, 'runner_ident': '21bd00fe-a88d-4cef-8df0-e045220e065b', 'created': '2023-05-03T13:09:22.019097'}
2023-05-03T13:09:22.026412+00:00 CRITICAL 'ansible_navigator.actions.run_playbook._handle_message' Unhandled message from runner queue, discarded: {'event': 'verbose', 'uuid': '7ab9acca-a667-4996-942d-985f3aaa4b26', 'counter': 10, 'stdout': '\x1b[0;31m\x1b[0m', 'start_line': 9, 'end_line': 10, 'runner_ident': '21bd00fe-a88d-4cef-8df0-e045220e065b', 'created': '2023-05-03T13:09:22.019167'}
2023-05-03T13:09:22.026497+00:00 CRITICAL 'ansible_navigator.actions.run_playbook._handle_message' Unhandled message from runner queue, discarded: {'event': 'verbose', 'uuid': '70cc5b59-88f3-4f89-9ac3-aa9b599f7bd7', 'counter': 11, 'stdout': '\x1b[0;31m    - name: test getting all clusters\x1b[0m', 'start_line': 10, 'end_line': 11, 'runner_ident': '21bd00fe-a88d-4cef-8df0-e045220e065b', 'created': '2023-05-03T13:09:22.019244'}
2023-05-03T13:09:22.026600+00:00 CRITICAL 'ansible_navigator.actions.run_playbook._handle_message' Unhandled message from runner queue, discarded: {'event': 'verbose', 'uuid': 'a5777803-37b5-4983-a0c7-638ff566cc9c', 'counter': 12, 'stdout': '\x1b[0;31m      ^ here\x1b[0m', 'start_line': 11, 'end_line': 12, 'runner_ident': '21bd00fe-a88d-4cef-8df0-e045220e065b', 'created': '2023-05-03T13:09:22.019320'}
2023-05-03T13:09:33.801395+00:00 CRITICAL 'ansible_navigator.actions.run_playbook._handle_message' Unhandled message from runner queue, discarded: {'event': 'verbose', 'uuid': '3651e5d7-a4b7-421b-ae35-13be4e66d387', 'counter': 1, 'stdout': '\x1b[1;35m[WARNING]: provided hosts list is empty, only localhost is available. Note that\x1b[0m', 'start_line': 0, 'end_line': 1, 'runner_ident': '0905fd95-e94a-4f9c-bf3f-2da63d643757', 'created': '2023-05-03T13:09:33.791523'}
2023-05-03T13:09:33.802101+00:00 CRITICAL 'ansible_navigator.actions.run_playbook._handle_message' Unhandled message from runner queue, discarded: {'event': 'verbose', 'uuid': 'f0dba184-3e52-45ca-85f4-401bc9eaad66', 'counter': 2, 'stdout': "\x1b[1;35mthe implicit localhost does not match 'all'\x1b[0m", 'start_line': 1, 'end_line': 2, 'runner_ident': '0905fd95-e94a-4f9c-bf3f-2da63d643757', 'created': '2023-05-03T13:09:33.791963'}
2023-05-03T14:41:53.935263+00:00 WARNING 'ansible_navigator.image_manager.puller._log_message' Image inspection failed, image assumed to be corrupted or missing
2023-05-03T14:41:53.935849+00:00 WARNING 'ansible_navigator.image_manager.puller._log_message' stdout: []

2023-05-03T14:41:53.935914+00:00 WARNING 'ansible_navigator.image_manager.puller._log_message' stderr: Error: inspecting object: ghcr.io/ansible/creator-ee:v0.17.0: image not known

